<?xml version="1.0" encoding="UTF-8"?>
<testng-results ignored="0" total="1" passed="1" failed="0" skipped="0">
  <reporter-output>
    <line>
      <![CDATA[Browser Opened]]>
    </line>
    <line>
      <![CDATA[Test Case Executed]]>
    </line>
    <line>
      <![CDATA[https://demowebshop.tricentis.com/]]>
    </line>
  </reporter-output>
  <suite started-at="2024-02-04T13:07:02 IST" name="Default suite" finished-at="2024-02-04T13:07:12 IST" duration-ms="10757">
    <groups>
    </groups>
    <test started-at="2024-02-04T13:07:02 IST" name="Default test" finished-at="2024-02-04T13:07:12 IST" duration-ms="10757">
      <class name="LoginModule.ProgramTest">
        <test-method is-config="true" signature="openBrowser()[pri:0, instance:LoginModule.ProgramTest@4802796d]" started-at="2024-02-04T13:07:02 IST" name="openBrowser" finished-at="2024-02-04T13:07:11 IST" duration-ms="9461" status="PASS">
          <reporter-output>
            <line>
              <![CDATA[Browser Opened]]>
            </line>
          </reporter-output>
        </test-method> <!-- openBrowser -->
        <test-method signature="testCase()[pri:0, instance:LoginModule.ProgramTest@4802796d]" started-at="2024-02-04T13:07:11 IST" name="testCase" finished-at="2024-02-04T13:07:12 IST" duration-ms="960" status="PASS">
          <reporter-output>
            <line>
              <![CDATA[Test Case Executed]]>
            </line>
            <line>
              <![CDATA[https://demowebshop.tricentis.com/]]>
            </line>
          </reporter-output>
        </test-method> <!-- testCase -->
        <test-method is-config="true" signature="closeBrowser()[pri:0, instance:LoginModule.ProgramTest@4802796d]" started-at="2024-02-04T13:07:12 IST" name="closeBrowser" finished-at="2024-02-04T13:07:12 IST" duration-ms="271" status="PASS">
          <reporter-output>
          </reporter-output>
        </test-method> <!-- closeBrowser -->
      </class> <!-- LoginModule.ProgramTest -->
    </test> <!-- Default test -->
  </suite> <!-- Default suite -->
</testng-results>
